Wed Jan 17 2018 17:13:32 GMT-0800 (PST): GET /about
Wed Jan 17 2018 17:13:35 GMT-0800 (PST): GET /about
Wed Jan 17 2018 17:13:37 GMT-0800 (PST): GET /
Wed Jan 17 2018 17:13:38 GMT-0800 (PST): GET /about
Wed Jan 17 2018 17:13:40 GMT-0800 (PST): GET /about
Wed Jan 17 2018 17:13:40 GMT-0800 (PST): GET /about
Wed Jan 17 2018 17:13:40 GMT-0800 (PST): GET /about
Wed Jan 17 2018 17:13:41 GMT-0800 (PST): GET /about
Wed Jan 17 2018 20:20:59 GMT-0800 (PST): GET /
Wed Jan 17 2018 20:20:59 GMT-0800 (PST): GET /favicon.ico
Wed Jan 17 2018 20:21:02 GMT-0800 (PST): GET /about
Wed Jan 17 2018 20:21:04 GMT-0800 (PST): GET /
Wed Jan 17 2018 20:21:05 GMT-0800 (PST): GET /about
Wed Jan 17 2018 20:21:06 GMT-0800 (PST): GET /
Wed Jan 17 2018 20:21:07 GMT-0800 (PST): GET /about
Wed Jan 17 2018 20:21:07 GMT-0800 (PST): GET /
Thu Jan 18 2018 06:03:03 GMT-0800 (PST): GET /
Thu Jan 18 2018 06:03:06 GMT-0800 (PST): GET /
Thu Jan 18 2018 06:03:07 GMT-0800 (PST): GET /
Thu Jan 18 2018 06:03:07 GMT-0800 (PST): GET /
Thu Jan 18 2018 06:03:07 GMT-0800 (PST): GET /
Thu Jan 18 2018 06:03:08 GMT-0800 (PST): GET /
Thu Jan 18 2018 06:03:08 GMT-0800 (PST): GET /
Thu Jan 18 2018 06:03:18 GMT-0800 (PST): GET /
Thu Jan 18 2018 06:03:22 GMT-0800 (PST): GET /about
Thu Jan 18 2018 06:06:08 GMT-0800 (PST): GET /about
Thu Jan 18 2018 06:06:14 GMT-0800 (PST): GET /help.html
Thu Jan 18 2018 06:06:57 GMT-0800 (PST): GET /help.html
Thu Jan 18 2018 06:07:03 GMT-0800 (PST): GET /
Thu Jan 18 2018 06:07:05 GMT-0800 (PST): GET /
Thu Jan 18 2018 06:07:06 GMT-0800 (PST): GET /about
Thu Jan 18 2018 06:07:06 GMT-0800 (PST): GET /
Thu Jan 18 2018 06:07:07 GMT-0800 (PST): GET /about
Thu Jan 18 2018 06:07:07 GMT-0800 (PST): GET /
Thu Jan 18 2018 06:07:08 GMT-0800 (PST): GET /about
Thu Jan 18 2018 06:07:08 GMT-0800 (PST): GET /
Thu Jan 18 2018 06:07:09 GMT-0800 (PST): GET /about
